Running: C:\Xilinx\14.7\ISE_DS\ISE\bin\nt64\unwrapped\fuse.exe -intstyle ise -incremental -lib unisims_ver -lib unimacro_ver -lib xilinxcorelib_ver -lib secureip -o C:/MEET/PROJECTS/COLASS/Final_32/Matrix_Multiply_32_tb_isim_beh.exe -prj C:/MEET/PROJECTS/COLASS/Final_32/Matrix_Multiply_32_tb_beh.prj work.Matrix_Multiply_32_tb work.glbl 
ISim P.20131013 (signature 0x7708f090)
Number of CPUs detected in this system: 4
Turning on mult-threading, number of parallel sub-compilation jobs: 8 
Determining compilation order of HDL files
Analyzing Verilog file "C:/MEET/PROJECTS/COLASS/Final_32/multiplication_normaliser.v" into library work
Analyzing Verilog file "C:/MEET/PROJECTS/COLASS/Final_32/addition_normaliser.v" into library work
Analyzing Verilog file "C:/MEET/PROJECTS/COLASS/Final_32/Multiplier.v" into library work
Analyzing Verilog file "C:/MEET/PROJECTS/COLASS/Final_32/adder.v" into library work
Analyzing Verilog file "C:/MEET/PROJECTS/COLASS/Final_32/Matrix_Multiply_32.v" into library work
Analyzing Verilog file "C:/MEET/PROJECTS/COLASS/Final_32/Matrix_Multiply_32_tb.v" into library work
Analyzing Verilog file "C:/Xilinx/14.7/ISE_DS/ISE//verilog/src/glbl.v" into library work
Starting static elaboration
Completed static elaboration
Compiling module multiplication_normaliser
Compiling module multiplier
Compiling module addition_normaliser
Compiling module adder
Compiling module Matrix_Multiply_32
Compiling module Matrix_Multiply_32_tb
Compiling module glbl
Time Resolution for simulation is 1ps.
WARNING:Simulator - Unable to copy libPortabilityNOSH.dll to the simulation executable directory: boost::filesystem::copy_file: The system cannot find the path specified, "isim\Matrix_Multiply_32_tb_isim_beh.exe.sim\libPortability.dll".
Compiled 7 Verilog Units
Built simulation executable C:/MEET/PROJECTS/COLASS/Final_32/Matrix_Multiply_32_tb_isim_beh.exe
Fuse Memory Usage: 41924 KB
Fuse CPU Usage: 1234 ms
